<?xml version="1.0" encoding="UTF-8"?>
<!-- Generated by org.testng.reporters.JUnitXMLReporter -->
<testsuite ignored="2" hostname="USER" failures="0" tests="1" name="Default test" time="43.152" errors="0" timestamp="2024-08-07T14:11:05 IST">
  <testcase classname="firmvpjctpkg.luma" name="lumapdt" time="43.086"/>
  <testcase classname="firmvpjctpkg.luma" name="lumalogin" time="0.0">
    <ignored/>
  </testcase> <!-- lumalogin -->
  <testcase classname="firmvpjctpkg.luma" name="lumaregister" time="0.0">
    <ignored/>
  </testcase> <!-- lumaregister -->
</testsuite> <!-- Default test -->
