<?xml version="1.0" encoding="UTF-8"?>
<testng-results ignored="0" total="1" passed="1" failed="0" skipped="0">
  <reporter-output>
  </reporter-output>
  <suite started-at="2024-08-07T14:10:22 IST" name="Default suite" finished-at="2024-08-07T14:11:05 IST" duration-ms="43152">
    <groups>
    </groups>
    <test started-at="2024-08-07T14:10:22 IST" name="Default test" finished-at="2024-08-07T14:11:05 IST" duration-ms="43152">
      <class name="firmvpjctpkg.luma">
        <test-method signature="lumapdt()[pri:3, instance:firmvpjctpkg.luma@1cb3ec38]" started-at="2024-08-07T14:10:22 IST" name="lumapdt" finished-at="2024-08-07T14:11:05 IST" duration-ms="43086" status="PASS">
          <reporter-output>
          </reporter-output>
        </test-method> <!-- lumapdt -->
      </class> <!-- firmvpjctpkg.luma -->
    </test> <!-- Default test -->
  </suite> <!-- Default suite -->
</testng-results>
